#
# A fatal error has been detected by the Java Runtime Environment:
#
#  SIGSEGV (0xb) at pc=0x000000010ff868ce, pid=69106, tid=775
#
# JRE version: OpenJDK Runtime Environment (14.0.1+7) (build 14.0.1+7)
# Java VM: OpenJDK 64-Bit Server VM (14.0.1+7, mixed mode, sharing, tiered, compressed oops, g1 gc, bsd-amd64)
# Problematic frame:
# V  [libjvm.dylib+0x3868ce]  jni_IsSameObject+0x3c
#
# No core dump will be written. Core dumps have been disabled. To enable core dumping, try "ulimit -c unlimited" before starting Java again
#
# If you would like to submit a bug report, please visit:
#   https://bugreport.java.com/bugreport/crash.jsp
#

---------------  S U M M A R Y ------------

Command Line: -agentlib:jdwp=transport=dt_socket,address=127.0.0.1:57796,suspend=y,server=n --module-path=/Users/guvenaltunsoy/Downloads/javafx-sdk-11.0.2/lib --add-modules=javafx.controls,javafx.fxml --add-modules=javafx.base,javafx.graphics --add-reads=javafx.base=ALL-UNNAMED --add-reads=javafx.graphics=ALL-UNNAMED -Djava.library.path=/Users/guvenaltunsoy/javafx-sdk-11.0.2/lib -javaagent:/Users/guvenaltunsoy/Library/Caches/JetBrains/IntelliJIdea2020.1/captureAgent/debugger-agent.jar -Dfile.encoding=UTF-8 FXMaven

Host: MacBookPro14,1 x86_64 2300 MHz, 4 cores, 8G, Darwin 19.3.0
Time: Thu May 28 00:00:37 2020 +03 elapsed time: 41 seconds (0d 0h 0m 41s)

---------------  T H R E A D  ---------------

Current thread is native thread

Stack: [0x00007ffee01c0000,0x00007ffee09c0000],  sp=0x00007ffee09baaf0,  free space=8170k
Native frames: (J=compiled Java code, A=aot compiled Java code, j=interpreted, Vv=VM code, C=native code)
V  [libjvm.dylib+0x3868ce]  jni_IsSameObject+0x3c
C  [JavaNativeFoundation+0x6f07]  -[JNFWeakJObjectWrapper _getWithEnv:]+0x1b
C  [JavaNativeFoundation+0x6d4c]  -[JNFJObjectWrapper jObjectWithEnv:]+0x16
C  [libawt_lwawt.dylib+0x1bd6f]  -[CGLLayer drawInCGLContext:pixelFormat:forLayerTime:displayTime:]+0xa1
C  [QuartzCore+0xc23e5]  CAOpenGLLayerDraw(CAOpenGLLayer*, double, CVTimeStamp const*, unsigned int)+0x7ba
C  [QuartzCore+0xc1a50]  -[CAOpenGLLayer _display]+0x244
C  [QuartzCore+0x252c3]  CA::Layer::display_if_needed(CA::Transaction*)+0x2e3
C  [QuartzCore+0x3ba6]  CA::Context::commit_transaction(CA::Transaction*, double)+0x14e
C  [QuartzCore+0x27ce]  CA::Transaction::commit()+0x27e
C  [QuartzCore+0x3e182]  CA::Transaction::observer_callback(__CFRunLoopObserver*, unsigned long, void*)+0x42
C  [CoreFoundation+0x840ee]  __CFRUNLOOP_IS_CALLING_OUT_TO_AN_OBSERVER_CALLBACK_FUNCTION__+0x17
C  [CoreFoundation+0x84014]  __CFRunLoopDoObservers+0x1c9
C  [CoreFoundation+0x83832]  __CFRunLoopRun+0x5ea
C  [CoreFoundation+0x82bd3]  CFRunLoopRunSpecific+0x1f3
C  [libjli.dylib+0x65c1]  CreateExecutionEnvironment+0x18f
C  [libjli.dylib+0x2752]  JLI_Launch+0x54a
C  [java+0xca1]  main+0x177
C  [libdyld.dylib+0x1a7fd]  start+0x1


siginfo: si_signo: 11 (SIGSEGV), si_code: 1 (SEGV_MAPERR), si_addr: 0x0000000000000380

Register to memory mapping:

RAX=
[error occurred during error reporting (printing register info), id 0xb, SIGSEGV (0xb) at pc=0x00000001102f57ba]

Registers:
RAX=0x000000000000dead, RBX=0x00007fcdb7e93c40, RCX=0x0000000117c12dc0, RDX=0x0000000000000000
RSP=0x00007ffee09baaf0, RBP=0x00007ffee09bab20, RSI=0x00007fcdb7e0f501, RDI=0x00007fcdb57ce000
R8 =0x0000000000000000, R9 =0x0000000000000320, R10=0x00007fff87fb9250, R11=0x00007fff33168eec
R12=0x00007fcdb57ce310, R13=0x0000000000000000, R14=0x0000000000000000, R15=0x00007fcdb7e0f501
RIP=0x000000010ff868ce, EFLAGS=0x0000000000010246, ERR=0x0000000000000006
  TRAPNO=0x000000000000000e

Top of Stack: (sp=0x00007ffee09baaf0)
0x00007ffee09baaf0:   0000000110501c60 00007fcdb7e93c40
0x00007ffee09bab00:   00007fcdb695e000 00007fcdb7e93ac0
0x00007ffee09bab10:   00007fff64cad000 00007fcdb7c713d0
0x00007ffee09bab20:   00007ffee09bab40 00007fff33168f07
0x00007ffee09bab30:   00007fcdb7e93c40 00007fcdb57ce310
0x00007ffee09bab40:   00007ffee09bab60 00007fff33168d4c
0x00007ffee09bab50:   00007fcdb7e93c40 00007fcdb57ce310
0x00007ffee09bab60:   00007ffee09babc0 0000000136c63d6f
0x00007ffee09bab70:   00007fcdb695e000 00007fcdb7e947a0
0x00007ffee09bab80:   00007fcdb7e93ac0 0000000000000000
0x00007ffee09bab90:   41166ef3465526e8 00007fff64cad000
0x00007ffee09baba0:   00007fcdb7e947a0 00007fcdb7e93ac0
0x00007ffee09babb0:   00007fcdb7e93ac0 00007fcdb7d01640
0x00007ffee09babc0:   00007ffee09bac80 00007fff3a2493e5
0x00007ffee09babd0:   00007ffee09bac40 0000000000000000
0x00007ffee09babe0:   0000000000000000 00007fcdb7e93ac0
0x00007ffee09babf0:   0000000000000000 0000000400000000
0x00007ffee09bac00:   00007fcdb4511850 0000000000000000
0x00007ffee09bac10:   41166ef3465526e8 00007fcdb7e93ac0
0x00007ffee09bac20:   0000000000000004 0000000000000000
0x00007ffee09bac30:   0000000000000000 00007ffee09bac58
0x00007ffee09bac40:   00007ffe00000000 00007fff3a1cbf62
0x00007ffee09bac50:   3cb579f8390a0015 00007fff64cad000
0x00007ffee09bac60:   0000000000000004 0000000000000000
0x00007ffee09bac70:   00007fcdb7e93ac0 00007fff700463bf
0x00007ffee09bac80:   00007ffee09bad00 00007fff3a248a50
0x00007ffee09bac90:   d5caeceb08020200 4082100000000000
0x00007ffee09baca0:   4089000000000000 3ff0000000000000
0x00007ffee09bacb0:   0000000000000000 0000000000000000
0x00007ffee09bacc0:   4089000000000000 4082100000000000
0x00007ffee09bacd0:   3cb579f8390a0015 00007ffee09bade0
0x00007ffee09bace0:   00007fff7015f6af 00007fcdb7b05050 

Instructions: (pc=0x000000010ff868ce)
0x000000010ff867ce:   05 bd 80 5e 00 83 38 00 75 0e 41 f7 84 24 e0 00
0x000000010ff867de:   00 00 04 00 00 20 74 08 4c 89 e7 e8 1e 7e 36 00
0x000000010ff867ee:   41 c7 84 24 80 03 00 00 06 00 00 00 4c 89 ff 4c
0x000000010ff867fe:   89 f6 90 0f 1f 40 00 4d 85 f6 74 0b 31 f6 4c 89
0x000000010ff8680e:   f7 ff 15 9b ad 57 00 90 0f 1f 40 00 49 8b 9c 24
0x000000010ff8681e:   f8 00 00 00 48 8b 43 10 48 83 38 00 74 0c 48 89
0x000000010ff8682e:   df e8 60 7a f8 ff 48 8b 43 10 48 8b 4b 08 48 89
0x000000010ff8683e:   41 10 48 8b 43 08 48 8b 4b 18 48 89 48 18 48 8b
0x000000010ff8684e:   43 08 48 8b 4b 20 48 89 48 20 41 c7 84 24 80 03
0x000000010ff8685e:   00 00 07 00 00 00 f0 83 04 24 00 49 8b 84 24 10
0x000000010ff8686e:   01 00 00 a8 08 74 08 4c 89 e7 e8 55 b6 2c 00 41
0x000000010ff8687e:   c7 84 24 80 03 00 00 04 00 00 00 5b 41 5c 41 5e
0x000000010ff8688e:   41 5f 5d c3 55 48 89 e5 41 57 41 56 41 55 41 54
0x000000010ff8689e:   53 50 49 89 d6 49 89 f7 49 89 fc 4d 8d ac 24 f0
0x000000010ff868ae:   fc ff ff b8 55 21 ff ff 41 03 84 24 88 00 00 00
0x000000010ff868be:   83 f8 02 72 0b 4c 89 ef e8 01 63 36 00 45 31 ed
0x000000010ff868ce:   41 c7 85 80 03 00 00 05 00 00 00 f0 83 04 24 00
0x000000010ff868de:   49 8b 45 00 4c 89 ef ff 50 40 84 c0 74 0d 49 8b
0x000000010ff868ee:   85 10 01 00 00 a8 08 74 0e eb 19 48 8d 05 90 7f
0x000000010ff868fe:   5e 00 83 38 00 75 0d 41 f7 85 e0 00 00 00 04 00
0x000000010ff8690e:   00 20 74 08 4c 89 ef e8 f2 7c 36 00 41 c7 85 80
0x000000010ff8691e:   03 00 00 06 00 00 00 4c 89 e7 4c 89 fe 4c 89 f2
0x000000010ff8692e:   90 0f 1f 40 00 4d 85 ff 74 11 41 f6 c7 01 75 10
0x000000010ff8693e:   4c 89 ff ff 15 b9 6e 57 00 eb 11 45 31 ff eb 0f
0x000000010ff8694e:   49 ff cf 4c 89 ff ff 15 d6 ae 58 00 49 89 c7 4d
0x000000010ff8695e:   85 f6 74 11 41 f6 c6 01 75 0f 4c 89 f7 ff 15 8f
0x000000010ff8696e:   6e 57 00 eb 10 31 c0 eb 0c 49 ff ce 4c 89 f7 ff
0x000000010ff8697e:   15 ad ae 58 00 45 31 f6 49 39 c7 41 0f 94 c6 4c
0x000000010ff8698e:   89 f7 90 0f 1f 40 00 49 8b 9d f8 00 00 00 48 8b
0x000000010ff8699e:   43 10 48 83 38 00 74 0c 48 89 df e8 e6 78 f8 ff
0x000000010ff869ae:   48 8b 43 10 48 8b 4b 08 48 89 41 10 48 8b 43 08
0x000000010ff869be:   48 8b 4b 18 48 89 48 18 48 8b 43 08 48 8b 4b 20 


Stack slot to memory mapping:
stack at sp + 0 slots: 
[error occurred during error reporting (inspecting top of stack), id 0xb, SIGSEGV (0xb) at pc=0x00000001102f57ba]


---------------  P R O C E S S  ---------------

VM state:not at safepoint (normal execution)

VM Mutex/Monitor currently owned by a thread: None

Heap address: 0x0000000780000000, size: 2048 MB, Compressed Oops mode: Zero based, Oop shift amount: 3
Narrow klass base: 0x0000000800000000, Narrow klass shift: 3
Compressed class space size: 1073741824 Address: 0x0000000800b03000

Heap:
 garbage-first heap   total 58368K, used 33544K [0x0000000780000000, 0x0000000800000000)
  region size 1024K, 27 young (27648K), 7 survivors (7168K)
 Metaspace       used 23462K, capacity 24229K, committed 24576K, reserved 1071104K
  class space    used 3015K, capacity 3327K, committed 3328K, reserved 1048576K
Heap Regions: E=young(eden), S=young(survivor), O=old, HS=humongous(starts), HC=humongous(continues), CS=collection set, F=free, OA=open archive, CA=closed archive, TAMS=top-at-mark-start (previous, next)
|   0|0x0000000780000000, 0x0000000780100000, 0x0000000780100000|100%| O|  |TAMS 0x0000000780100000, 0x0000000780000000| Untracked 
|   1|0x0000000780100000, 0x0000000780200000, 0x0000000780200000|100%| O|  |TAMS 0x0000000780200000, 0x0000000780100000| Untracked 
|   2|0x0000000780200000, 0x0000000780300000, 0x0000000780300000|100%| O|  |TAMS 0x0000000780300000, 0x0000000780200000| Untracked 
|   3|0x0000000780300000, 0x0000000780400000, 0x0000000780400000|100%| O|  |TAMS 0x0000000780400000, 0x0000000780300000| Untracked 
|   4|0x0000000780400000, 0x000000078048a800, 0x0000000780500000| 54%| O|  |TAMS 0x000000078048a800, 0x0000000780400000| Untracked 
|   5|0x0000000780500000, 0x0000000780600000, 0x0000000780600000|100%|HS|  |TAMS 0x0000000780600000, 0x0000000780500000| Complete 
|   6|0x0000000780600000, 0x0000000780700000, 0x0000000780700000|100%|HC|  |TAMS 0x0000000780700000, 0x0000000780600000| Complete 
|   7|0x0000000780700000, 0x0000000780700000, 0x0000000780800000|  0%| F|  |TAMS 0x0000000780700000, 0x0000000780700000| Untracked 
|   8|0x0000000780800000, 0x0000000780800000, 0x0000000780900000|  0%| F|  |TAMS 0x0000000780800000, 0x0000000780800000| Untracked 
|   9|0x0000000780900000, 0x0000000780900000, 0x0000000780a00000|  0%| F|  |TAMS 0x0000000780900000, 0x0000000780900000| Untracked 
|  10|0x0000000780a00000, 0x0000000780a00000, 0x0000000780b00000|  0%| F|  |TAMS 0x0000000780a00000, 0x0000000780a00000| Untracked 
|  11|0x0000000780b00000, 0x0000000780b00000, 0x0000000780c00000|  0%| F|  |TAMS 0x0000000780b00000, 0x0000000780b00000| Untracked 
|  12|0x0000000780c00000, 0x0000000780c00000, 0x0000000780d00000|  0%| F|  |TAMS 0x0000000780c00000, 0x0000000780c00000| Untracked 
|  13|0x0000000780d00000, 0x0000000780d00000, 0x0000000780e00000|  0%| F|  |TAMS 0x0000000780d00000, 0x0000000780d00000| Untracked 
|  14|0x0000000780e00000, 0x0000000780e00000, 0x0000000780f00000|  0%| F|  |TAMS 0x0000000780e00000, 0x0000000780e00000| Untracked 
|  15|0x0000000780f00000, 0x0000000780f00000, 0x0000000781000000|  0%| F|  |TAMS 0x0000000780f00000, 0x0000000780f00000| Untracked 
|  16|0x0000000781000000, 0x0000000781000000, 0x0000000781100000|  0%| F|  |TAMS 0x0000000781000000, 0x0000000781000000| Untracked 
|  17|0x0000000781100000, 0x0000000781100000, 0x0000000781200000|  0%| F|  |TAMS 0x0000000781100000, 0x0000000781100000| Untracked 
|  18|0x0000000781200000, 0x0000000781200000, 0x0000000781300000|  0%| F|  |TAMS 0x0000000781200000, 0x0000000781200000| Untracked 
|  19|0x0000000781300000, 0x0000000781300000, 0x0000000781400000|  0%| F|  |TAMS 0x0000000781300000, 0x0000000781300000| Untracked 
|  20|0x0000000781400000, 0x0000000781400000, 0x0000000781500000|  0%| F|  |TAMS 0x0000000781400000, 0x0000000781400000| Untracked 
|  21|0x0000000781500000, 0x0000000781500000, 0x0000000781600000|  0%| F|  |TAMS 0x0000000781500000, 0x0000000781500000| Untracked 
|  22|0x0000000781600000, 0x0000000781600000, 0x0000000781700000|  0%| F|  |TAMS 0x0000000781600000, 0x0000000781600000| Untracked 
|  23|0x0000000781700000, 0x0000000781700000, 0x0000000781800000|  0%| F|  |TAMS 0x0000000781700000, 0x0000000781700000| Untracked 
|  24|0x0000000781800000, 0x0000000781800000, 0x0000000781900000|  0%| F|  |TAMS 0x0000000781800000, 0x0000000781800000| Untracked 
|  25|0x0000000781900000, 0x0000000781900000, 0x0000000781a00000|  0%| F|  |TAMS 0x0000000781900000, 0x0000000781900000| Untracked 
|  26|0x0000000781a00000, 0x0000000781a00000, 0x0000000781b00000|  0%| F|  |TAMS 0x0000000781a00000, 0x0000000781a00000| Untracked 
|  27|0x0000000781b00000, 0x0000000781b00000, 0x0000000781c00000|  0%| F|  |TAMS 0x0000000781b00000, 0x0000000781b00000| Untracked 
|  28|0x0000000781c00000, 0x0000000781c00800, 0x0000000781d00000|  0%| E|  |TAMS 0x0000000781c00000, 0x0000000781c00000| Complete 
|  29|0x0000000781d00000, 0x0000000781e00000, 0x0000000781e00000|100%| E|CS|TAMS 0x0000000781d00000, 0x0000000781d00000| Complete 
|  30|0x0000000781e00000, 0x0000000781f00000, 0x0000000781f00000|100%| E|CS|TAMS 0x0000000781e00000, 0x0000000781e00000| Complete 
|  31|0x0000000781f00000, 0x0000000782000000, 0x0000000782000000|100%| E|CS|TAMS 0x0000000781f00000, 0x0000000781f00000| Complete 
|  32|0x0000000782000000, 0x0000000782100000, 0x0000000782100000|100%| E|CS|TAMS 0x0000000782000000, 0x0000000782000000| Complete 
|  33|0x0000000782100000, 0x0000000782200000, 0x0000000782200000|100%| E|CS|TAMS 0x0000000782100000, 0x0000000782100000| Complete 
|  34|0x0000000782200000, 0x0000000782300000, 0x0000000782300000|100%| E|CS|TAMS 0x0000000782200000, 0x0000000782200000| Complete 
|  35|0x0000000782300000, 0x0000000782400000, 0x0000000782400000|100%| E|CS|TAMS 0x0000000782300000, 0x0000000782300000| Complete 
|  36|0x0000000782400000, 0x0000000782500000, 0x0000000782500000|100%| E|CS|TAMS 0x0000000782400000, 0x0000000782400000| Complete 
|  37|0x0000000782500000, 0x0000000782600000, 0x0000000782600000|100%| E|CS|TAMS 0x0000000782500000, 0x0000000782500000| Complete 
|  38|0x0000000782600000, 0x0000000782700000, 0x0000000782700000|100%| E|CS|TAMS 0x0000000782600000, 0x0000000782600000| Complete 
|  39|0x0000000782700000, 0x0000000782800000, 0x0000000782800000|100%| E|CS|TAMS 0x0000000782700000, 0x0000000782700000| Complete 
|  40|0x0000000782800000, 0x0000000782900000, 0x0000000782900000|100%| E|CS|TAMS 0x0000000782800000, 0x0000000782800000| Complete 
|  41|0x0000000782900000, 0x0000000782a00000, 0x0000000782a00000|100%| E|CS|TAMS 0x0000000782900000, 0x0000000782900000| Complete 
|  42|0x0000000782a00000, 0x0000000782b00000, 0x0000000782b00000|100%| E|CS|TAMS 0x0000000782a00000, 0x0000000782a00000| Complete 
|  43|0x0000000782b00000, 0x0000000782c00000, 0x0000000782c00000|100%| E|CS|TAMS 0x0000000782b00000, 0x0000000782b00000| Complete 
|  44|0x0000000782c00000, 0x0000000782d00000, 0x0000000782d00000|100%| E|CS|TAMS 0x0000000782c00000, 0x0000000782c00000| Complete 
|  45|0x0000000782d00000, 0x0000000782e00000, 0x0000000782e00000|100%| E|CS|TAMS 0x0000000782d00000, 0x0000000782d00000| Complete 
|  46|0x0000000782e00000, 0x0000000782f00000, 0x0000000782f00000|100%| E|CS|TAMS 0x0000000782e00000, 0x0000000782e00000| Complete 
|  72|0x0000000784800000, 0x000000078486bb58, 0x0000000784900000| 42%| S|CS|TAMS 0x0000000784800000, 0x0000000784800000| Complete 
|  73|0x0000000784900000, 0x0000000784a00000, 0x0000000784a00000|100%| S|CS|TAMS 0x0000000784900000, 0x0000000784900000| Complete 
|  74|0x0000000784a00000, 0x0000000784b00000, 0x0000000784b00000|100%| S|CS|TAMS 0x0000000784a00000, 0x0000000784a00000| Complete 
|  75|0x0000000784b00000, 0x0000000784c00000, 0x0000000784c00000|100%| S|CS|TAMS 0x0000000784b00000, 0x0000000784b00000| Complete 
|  76|0x0000000784c00000, 0x0000000784d00000, 0x0000000784d00000|100%| S|CS|TAMS 0x0000000784c00000, 0x0000000784c00000| Complete 
|  77|0x0000000784d00000, 0x0000000784e00000, 0x0000000784e00000|100%| S|CS|TAMS 0x0000000784d00000, 0x0000000784d00000| Complete 
|  78|0x0000000784e00000, 0x0000000784f00000, 0x0000000784f00000|100%| S|CS|TAMS 0x0000000784e00000, 0x0000000784e00000| Complete 
| 127|0x0000000787f00000, 0x0000000788000000, 0x0000000788000000|100%| E|CS|TAMS 0x0000000787f00000, 0x0000000787f00000| Complete 
|1022|0x00000007bfe00000, 0x00000007bfe51000, 0x00000007bff00000| 31%|OA|  |TAMS 0x00000007bfe51000, 0x00000007bfe00000| Untracked 
|1023|0x00000007bff00000, 0x00000007bff7b000, 0x00000007c0000000| 48%|CA|  |TAMS 0x00000007bff7b000, 0x00000007bff00000| Untracked 

Card table byte_map: [0x0000000111360000,0x0000000111760000] _byte_map_base: 0x000000010d760000

Marking Bits (Prev, Next): (CMBitMap*) 0x00007fcdb4838658, (CMBitMap*) 0x00007fcdb4838618
 Prev Bits: [0x0000000113b60000, 0x0000000115b60000)
 Next Bits: [0x0000000111b60000, 0x0000000113b60000)

Polling page: 0x000000010f28f000

Metaspace:

Usage:
  Non-class:     20.41 MB capacity,    19.97 MB ( 98%) used,   367.71 KB (  2%) free+waste,    87.44 KB ( <1%) overhead. 
      Class:      3.25 MB capacity,     2.95 MB ( 91%) used,   265.41 KB (  8%) free+waste,    45.75 KB (  1%) overhead. 
       Both:     23.66 MB capacity,    22.91 MB ( 97%) used,   633.12 KB (  3%) free+waste,   133.19 KB ( <1%) overhead. 

Virtual space:
  Non-class space:       22.00 MB reserved,      20.75 MB ( 94%) committed 
      Class space:        1.00 GB reserved,       3.25 MB ( <1%) committed 
             Both:        1.02 GB reserved,      24.00 MB (  2%) committed 

Chunk freelists:
   Non-Class:  106.00 KB
       Class:  0 bytes
        Both:  106.00 KB

MaxMetaspaceSize: unlimited
CompressedClassSpaceSize: 1.00 GB

CodeHeap 'non-profiled nmethods': size=120032Kb used=1660Kb max_used=1660Kb free=118371Kb
 bounds [0x0000000127eaf000, 0x000000012811f000, 0x000000012f3e7000]
CodeHeap 'profiled nmethods': size=120028Kb used=7750Kb max_used=7750Kb free=112277Kb
 bounds [0x0000000120978000, 0x0000000121118000, 0x0000000127eaf000]
CodeHeap 'non-nmethods': size=5700Kb used=1619Kb max_used=1675Kb free=4080Kb
 bounds [0x00000001203e7000, 0x0000000120657000, 0x0000000120978000]
 total_blobs=5599 nmethods=3964 adapters=827
 compilation: enabled
              stopped_count=0, restarted_count=0
 full_count=0

Compilation events (20 events):
Event: 41.784 Thread 0x00007fcdb503c800 nmethod 3950 0x0000000121105490 code [0x0000000121105640, 0x0000000121105820]
Event: 41.785 Thread 0x00007fcdb503c800 3951       3       java.lang.invoke.MethodHandles::makeIdentity (23 bytes)
Event: 41.786 Thread 0x00007fcdb503b800 nmethod 3948 0x0000000128049f10 code [0x000000012804a240, 0x000000012804b368]
Event: 41.786 Thread 0x00007fcdb503c800 nmethod 3951 0x0000000121105910 code [0x0000000121105b80, 0x0000000121106890]
Event: 41.786 Thread 0x00007fcdb503c800 3952       3       java.lang.invoke.LambdaForm::identityForm (27 bytes)
Event: 41.786 Thread 0x00007fcdb503c800 nmethod 3952 0x0000000121106e10 code [0x0000000121106fc0, 0x00000001211071a0]
Event: 41.786 Thread 0x00007fcdb503c800 3953       3       java.lang.invoke.MethodHandleImpl::makeIntrinsic (14 bytes)
Event: 41.787 Thread 0x00007fcdb503c800 nmethod 3953 0x0000000121107310 code [0x0000000121107500, 0x0000000121107b90]
Event: 41.788 Thread 0x00007fcdb503c800 3954       3       java.awt.Component::getGraphicsConfiguration (5 bytes)
Event: 41.788 Thread 0x00007fcdb503c800 nmethod 3954 0x0000000121107e10 code [0x0000000121107fa0, 0x00000001211080d0]
Event: 41.788 Thread 0x00007fcdb503c800 3955   !   3       sun.java2d.SunGraphics2D::fillRect (74 bytes)
Event: 41.788 Thread 0x00007fcdb503c800 nmethod 3955 0x0000000121108190 code [0x00000001211083a0, 0x0000000121108b40]
Event: 41.788 Thread 0x00007fcdb503c800 3956       3       sun.java2d.pipe.ValidatePipe::fillRect (25 bytes)
Event: 41.788 Thread 0x00007fcdb503b800 3965       4       sun.java2d.loops.ProcessPath$FillData::addPoint (86 bytes)
Event: 41.789 Thread 0x00007fcdb503c800 nmethod 3956 0x0000000121108f10 code [0x0000000121109100, 0x0000000121109640]
Event: 41.789 Thread 0x00007fcdb503c800 3957       1       org.graphstream.ui.graphicGraph.GraphicEdge::getNode0 (5 bytes)
Event: 41.789 Thread 0x00007fcdb503c800 nmethod 3957 0x000000012804ba90 code [0x000000012804bc20, 0x000000012804bcf0]
Event: 41.789 Thread 0x00007fcdb503c800 3958       1       org.graphstream.ui.graphicGraph.GraphicEdge::getNode1 (5 bytes)
Event: 41.789 Thread 0x00007fcdb503c800 nmethod 3958 0x000000012804bd90 code [0x000000012804bf20, 0x000000012804bff0]
Event: 41.789 Thread 0x00007fcdb503c800 3959       1       java.awt.geom.Line2D$Double::getX1 (5 bytes)

GC Heap History (6 events):
Event: 1.194 GC heap before
{Heap before GC invocations=0 (full 0):
 garbage-first heap   total 133120K, used 13104K [0x0000000780000000, 0x0000000800000000)
  region size 1024K, 13 young (13312K), 0 survivors (0K)
 Metaspace       used 1638K, capacity 5101K, committed 5248K, reserved 1056768K
  class space    used 175K, capacity 510K, committed 640K, reserved 1048576K
}
Event: 1.198 GC heap after
{Heap after GC invocations=1 (full 0):
 garbage-first heap   total 133120K, used 5448K [0x0000000780000000, 0x0000000800000000)
  region size 1024K, 2 young (2048K), 2 survivors (2048K)
 Metaspace       used 1638K, capacity 5101K, committed 5248K, reserved 1056768K
  class space    used 175K, capacity 510K, committed 640K, reserved 1048576K
}
Event: 2.477 GC heap before
{Heap before GC invocations=1 (full 0):
 garbage-first heap   total 133120K, used 19784K [0x0000000780000000, 0x0000000800000000)
  region size 1024K, 17 young (17408K), 2 survivors (2048K)
 Metaspace       used 6554K, capacity 7894K, committed 8064K, reserved 1056768K
  class space    used 709K, capacity 893K, committed 896K, reserved 1048576K
}
Event: 2.482 GC heap after
{Heap after GC invocations=2 (full 0):
 garbage-first heap   total 133120K, used 7091K [0x0000000780000000, 0x0000000800000000)
  region size 1024K, 2 young (2048K), 2 survivors (2048K)
 Metaspace       used 6554K, capacity 7894K, committed 8064K, reserved 1056768K
  class space    used 709K, capacity 893K, committed 896K, reserved 1048576K
}
Event: 6.784 GC heap before
{Heap before GC invocations=2 (full 0):
 garbage-first heap   total 133120K, used 56243K [0x0000000780000000, 0x0000000800000000)
  region size 1024K, 49 young (50176K), 2 survivors (2048K)
 Metaspace       used 20234K, capacity 20945K, committed 21248K, reserved 1067008K
  class space    used 2764K, capacity 3037K, committed 3072K, reserved 1048576K
}
Event: 6.794 GC heap after
{Heap after GC invocations=3 (full 0):
 garbage-first heap   total 133120K, used 14088K [0x0000000780000000, 0x0000000800000000)
  region size 1024K, 7 young (7168K), 7 survivors (7168K)
 Metaspace       used 20234K, capacity 20945K, committed 21248K, reserved 1067008K
  class space    used 2764K, capacity 3037K, committed 3072K, reserved 1048576K
}

Deoptimization events (20 events):
Event: 39.943 Thread 0x00007fcdb694f800 DEOPT PACKING pc=0x0000000120d5ee94 sp=0x00007000029d9530
Event: 39.943 Thread 0x00007fcdb694f800 DEOPT UNPACKING pc=0x000000012043033a sp=0x00007000029d89e8 mode 1
Event: 39.944 Thread 0x00007fcdb694f800 DEOPT PACKING pc=0x0000000120d4f1bc sp=0x00007000029d94e0
Event: 39.944 Thread 0x00007fcdb694f800 DEOPT UNPACKING pc=0x000000012043033a sp=0x00007000029d89a8 mode 1
Event: 39.944 Thread 0x00007fcdb694f800 DEOPT PACKING pc=0x0000000120d5ee94 sp=0x00007000029d9530
Event: 39.944 Thread 0x00007fcdb694f800 DEOPT UNPACKING pc=0x000000012043033a sp=0x00007000029d89e8 mode 1
Event: 39.944 Thread 0x00007fcdb694f800 DEOPT PACKING pc=0x0000000120d4f1bc sp=0x00007000029d94e0
Event: 39.944 Thread 0x00007fcdb694f800 DEOPT UNPACKING pc=0x000000012043033a sp=0x00007000029d89a8 mode 1
Event: 39.944 Thread 0x00007fcdb694f800 DEOPT PACKING pc=0x0000000120d5ee94 sp=0x00007000029d9530
Event: 39.944 Thread 0x00007fcdb694f800 DEOPT UNPACKING pc=0x000000012043033a sp=0x00007000029d89e8 mode 1
Event: 41.770 Thread 0x00007fcdb7032800 Uncommon trap: trap_request=0xffffff5c fr.pc=0x000000012803e878 relative=0x0000000000001458
Event: 41.770 Thread 0x00007fcdb7032800 Uncommon trap: reason=speculate_null_check action=make_not_entrant pc=0x000000012803e878 method=java.util.concurrent.locks.AbstractQueuedSynchronizer.acquire(Ljava/util/concurrent/locks/AbstractQueuedSynchronizer$Node;IZZZJ)I @ 254 c2
Event: 41.770 Thread 0x00007fcdb7032800 DEOPT PACKING pc=0x000000012803e878 sp=0x00007000024456d0
Event: 41.770 Thread 0x00007fcdb7032800 DEOPT UNPACKING pc=0x000000012042fe25 sp=0x0000700002445690 mode 2
Event: 41.787 Thread 0x00007fcdb57b4800 DEOPT PACKING pc=0x0000000120d25324 sp=0x0000700002033710
Event: 41.787 Thread 0x00007fcdb57b4800 DEOPT UNPACKING pc=0x000000012043033a sp=0x0000700002032cd0 mode 1
Event: 41.787 Thread 0x00007fcdb70df000 Uncommon trap: trap_request=0xffffff45 fr.pc=0x0000000127fc43d0 relative=0x00000000000014b0
Event: 41.787 Thread 0x00007fcdb70df000 Uncommon trap: reason=unstable_if action=reinterpret pc=0x0000000127fc43d0 method=java.security.AccessControlContext.optimize()Ljava/security/AccessControlContext; @ 49 c2
Event: 41.787 Thread 0x00007fcdb70df000 DEOPT PACKING pc=0x0000000127fc43d0 sp=0x00007000008eb890
Event: 41.787 Thread 0x00007fcdb70df000 DEOPT UNPACKING pc=0x000000012042fe25 sp=0x00007000008eb860 mode 2

Classes unloaded (0 events):
No events

Classes redefined (0 events):
No events

Internal exceptions (20 events):
Event: 3.556 Thread 0x00007fcdb57ce000 Exception <a 'java/lang/ClassNotFoundException'{0x0000000785dcb960}: com/sun/javafx/scene/control/skin/resources/controls_en_TR> (0x0000000785dcb960) 
thrown [./open/src/hotspot/share/prims/jni.cpp, line 620]
Event: 3.597 Thread 0x00007fcdb57ce000 Exception <a 'java/lang/NoSuchMethodError'{0x0000000785b88360}: 'void java.lang.invoke.DirectMethodHandle$Holder.invokeSpecial(java.lang.Object, java.lang.Object, java.lang.Object, java.lang.Object, java.lang.Object, java.lang.Object)'> (0x0000000785b88360) 
thrown [./open/src/hotspot/share/interpreter/linkResolver.cpp, line 766]
Event: 3.789 Thread 0x00007fcdb57ce000 Exception <a 'java/lang/NoSuchMethodError'{0x0000000785658350}: 'long java.lang.invoke.DirectMethodHandle$Holder.invokeStatic(java.lang.Object, java.lang.Object, java.lang.Object)'> (0x0000000785658350) 
thrown [./open/src/hotspot/share/interpreter/linkResolver.cpp, line 766]
Event: 3.789 Thread 0x00007fcdb57ce000 Exception <a 'java/lang/NoSuchMethodError'{0x000000078565aff8}: 'long java.lang.invoke.DirectMethodHandle$Holder.invokeStaticInit(java.lang.Object, java.lang.Object, java.lang.Object)'> (0x000000078565aff8) 
thrown [./open/src/hotspot/share/interpreter/linkResolver.cpp, line 766]
Event: 3.791 Thread 0x00007fcdb57ce000 Exception <a 'java/lang/NoSuchMethodError'{0x000000078566f2c8}: 'java.lang.Object java.lang.invoke.Invokers$Holder.linkToTargetMethod(java.lang.Object, long, java.lang.Object)'> (0x000000078566f2c8) 
thrown [./open/src/hotspot/share/interpreter/linkResolver.cpp, line 766]
Event: 3.792 Thread 0x00007fcdb57b4800 Exception <a 'java/lang/NoSuchMethodError'{0x00000007856f5af0}: 'int java.lang.invoke.DirectMethodHandle$Holder.invokeStaticInit(java.lang.Object, java.lang.Object)'> (0x00000007856f5af0) 
thrown [./open/src/hotspot/share/interpreter/linkResolver.cpp, line 766]
Event: 6.814 Thread 0x00007fcdb57ce000 Exception <a 'java/lang/NoSuchMethodError'{0x0000000787f23688}: 'java.lang.Object java.lang.invoke.DirectMethodHandle$Holder.invokeStatic(java.lang.Object, java.lang.Object, java.lang.Object, int, java.lang.Object)'> (0x0000000787f23688) 
thrown [./open/src/hotspot/share/interpreter/linkResolver.cpp, line 766]
Event: 6.814 Thread 0x00007fcdb57ce000 Exception <a 'java/lang/NoSuchMethodError'{0x0000000787f299d0}: 'java.lang.Object java.lang.invoke.Invokers$Holder.linkToTargetMethod(java.lang.Object, java.lang.Object, int, java.lang.Object, java.lang.Object)'> (0x0000000787f299d0) 
thrown [./open/src/hotspot/share/interpreter/linkResolver.cpp, line 766]
Event: 6.819 Thread 0x00007fcdb57ce000 Exception <a 'java/lang/NoSuchMethodError'{0x0000000787f2d860}: 'void java.lang.invoke.DirectMethodHandle$Holder.invokeStatic(java.lang.Object, int, long)'> (0x0000000787f2d860) 
thrown [./open/src/hotspot/share/interpreter/linkResolver.cpp, line 766]
Event: 6.823 Thread 0x00007fcdb57ce000 Exception <a 'java/lang/NoSuchMethodError'{0x0000000787f437f0}: 'java.lang.Object java.lang.invoke.Invokers$Holder.linkToTargetMethod(int, int, int, int, java.lang.Object)'> (0x0000000787f437f0) 
thrown [./open/src/hotspot/share/interpreter/linkResolver.cpp, line 766]
Event: 6.824 Thread 0x00007fcdb57ce000 Exception <a 'java/lang/NoSuchMethodError'{0x0000000787f46868}: 'void java.lang.invoke.DirectMethodHandle$Holder.invokeStatic(java.lang.Object, java.lang.Object, long)'> (0x0000000787f46868) 
thrown [./open/src/hotspot/share/interpreter/linkResolver.cpp, line 766]
Event: 6.838 Thread 0x00007fcdb57ce000 Exception <a 'java/lang/NoSuchMethodError'{0x0000000787f6cd98}: 'void java.lang.invoke.DirectMethodHandle$Holder.invokeSpecial(java.lang.Object, java.lang.Object, long)'> (0x0000000787f6cd98) 
thrown [./open/src/hotspot/share/interpreter/linkResolver.cpp, line 766]
Event: 6.838 Thread 0x00007fcdb57ce000 Exception <a 'java/lang/NoSuchMethodError'{0x0000000787f72808}: 'void java.lang.invoke.DirectMethodHandle$Holder.invokeStatic(java.lang.Object, long, long)'> (0x0000000787f72808) 
thrown [./open/src/hotspot/share/interpreter/linkResolver.cpp, line 766]
Event: 6.850 Thread 0x00007fcdb694f800 Exception <a 'java/lang/NoSuchMethodError'{0x0000000782e24a38}: 'void java.lang.invoke.DirectMethodHandle$Holder.invokeStatic(java.lang.Object, long)'> (0x0000000782e24a38) 
thrown [./open/src/hotspot/share/interpreter/linkResolver.cpp, line 766]
Event: 26.682 Thread 0x00007fcdb57ce000 Exception <a 'java/lang/NoSuchMethodError'{0x00000007826a4ff0}: 'java.lang.Object java.lang.invoke.DirectMethodHandle$Holder.invokeStatic(java.lang.Object, java.lang.Object, int, int, int, int, int, java.lang.Object)'> (0x00000007826a4ff0) 
thrown [./open/src/hotspot/share/interpreter/linkResolver.cpp, line 766]
Event: 26.684 Thread 0x00007fcdb57ce000 Exception <a 'java/lang/NoSuchMethodError'{0x0000000782534af8}: 'java.lang.Object java.lang.invoke.DirectMethodHandle$Holder.invokeStatic(java.lang.Object, java.lang.Object, java.lang.Object, int, int, int, int, int)'> (0x0000000782534af8) 
thrown [./open/src/hotspot/share/interpreter/linkResolver.cpp, line 766]
Event: 26.684 Thread 0x00007fcdb57ce000 Exception <a 'java/lang/NoSuchMethodError'{0x000000078253a970}: 'java.lang.Object java.lang.invoke.Invokers$Holder.linkToTargetMethod(java.lang.Object, java.lang.Object, int, int, int, int, int, java.lang.Object)'> (0x000000078253a970) 
thrown [./open/src/hotspot/share/interpreter/linkResolver.cpp, line 766]
Event: 36.862 Thread 0x00007fcdb57ce000 Exception <a 'java/lang/reflect/InvocationTargetException'{0x00000007821730e0}> (0x00000007821730e0) 
thrown [./open/src/hotspot/share/runtime/reflection.cpp, line 1188]
Event: 39.895 Thread 0x00007fcdb57ce000 Exception <a 'java/lang/reflect/InvocationTargetException'{0x000000078208a950}> (0x000000078208a950) 
thrown [./open/src/hotspot/share/runtime/reflection.cpp, line 1188]
Event: 41.787 Thread 0x00007fcdb70df000 Implicit null exception at 0x0000000127fc2f78 to 0x0000000127fc43b8

Events (20 events):
Event: 41.770 loading class javafx/application/Application
Event: 41.770 loading class javafx/application/Application done
Event: 41.786 loading class com/sun/javafx/tk/quantum/QuantumRenderer
Event: 41.786 loading class com/sun/javafx/tk/quantum/QuantumRenderer done
Event: 41.787 loading class com/sun/javafx/tk/quantum/QuantumToolkit
Event: 41.787 loading class com/sun/javafx/tk/quantum/QuantumToolkit done
Event: 41.787 Executing VM operation: HandshakeOneThread
Event: 41.787 Executing VM operation: HandshakeOneThread done
Event: 41.787 Protecting memory [0x0000700001f34000,0x0000700001f38000] with protection modes 3
Event: 41.787 Thread 0x00007fcdb57b4800 Thread exited: 0x00007fcdb57b4800
Event: 41.787 Executing VM operation: HandshakeOneThread
Event: 41.787 Executing VM operation: HandshakeOneThread done
Event: 41.787 Protecting memory [0x00007ffee01c0000,0x00007ffee01c4000] with protection modes 3
Event: 41.787 Protecting memory [0x00007000007ec000,0x00007000007f0000] with protection modes 3
Event: 41.787 Thread 0x00007fcdb57ce000 Thread exited: 0x00007fcdb57ce000
Event: 41.787 Thread 0x00007fcdb4809800 Thread exited: 0x00007fcdb4809800
Event: 41.787 Protecting memory [0x0000700002346000,0x000070000234a000] with protection modes 3
Event: 41.787 Thread 0x00007fcdb7032800 Thread exited: 0x00007fcdb7032800
Event: 41.787 Protecting memory [0x00007000007ec000,0x00007000007f0000] with protection modes 0
Event: 41.787 Thread 0x00007fcdb70df000 Thread added: 0x00007fcdb70df000


Dynamic libraries:
0x00007fff65383000 	/usr/lib/libz.1.dylib
0x000000010f249000 	/Users/guvenaltunsoy/Library/Java/JavaVirtualMachines/openjdk-14.0.1/Contents/Home/lib/libjli.dylib
0x00007fff2d988000 	/System/Library/Frameworks/Cocoa.framework/Versions/A/Cocoa
0x00007fff3af56000 	/System/Library/Frameworks/Security.framework/Versions/A/Security
0x00007fff2c912000 	/System/Library/Frameworks/ApplicationServices.framework/Versions/A/ApplicationServices
0x00007fff62e52000 	/usr/lib/libSystem.B.dylib
0x00007fff65df9000 	/usr/lib/system/libcache.dylib
0x00007fff65dff000 	/usr/lib/system/libcommonCrypto.dylib
0x00007fff65e0b000 	/usr/lib/system/libcompiler_rt.dylib
0x00007fff65e13000 	/usr/lib/system/libcopyfile.dylib
0x00007fff65e1d000 	/usr/lib/system/libcorecrypto.dylib
0x00007fff65fcb000 	/usr/lib/system/libdispatch.dylib
0x00007fff6600d000 	/usr/lib/system/libdyld.dylib
0x00007fff66043000 	/usr/lib/system/libkeymgr.dylib
0x00007fff66051000 	/usr/lib/system/liblaunch.dylib
0x00007fff66052000 	/usr/lib/system/libmacho.dylib
0x00007fff66058000 	/usr/lib/system/libquarantine.dylib
0x00007fff6605b000 	/usr/lib/system/libremovefile.dylib
0x00007fff6605d000 	/usr/lib/system/libsystem_asl.dylib
0x00007fff66075000 	/usr/lib/system/libsystem_blocks.dylib
0x00007fff66076000 	/usr/lib/system/libsystem_c.dylib
0x00007fff660fe000 	/usr/lib/system/libsystem_configuration.dylib
0x00007fff66102000 	/usr/lib/system/libsystem_coreservices.dylib
0x00007fff66106000 	/usr/lib/system/libsystem_darwin.dylib
0x00007fff6610f000 	/usr/lib/system/libsystem_dnssd.dylib
0x00007fff66117000 	/usr/lib/system/libsystem_featureflags.dylib
0x00007fff66119000 	/usr/lib/system/libsystem_info.dylib
0x00007fff66194000 	/usr/lib/system/libsystem_m.dylib
0x00007fff661dc000 	/usr/lib/system/libsystem_malloc.dylib
0x00007fff66204000 	/usr/lib/system/libsystem_networkextension.dylib
0x00007fff66212000 	/usr/lib/system/libsystem_notify.dylib
0x00007fff66231000 	/usr/lib/system/libsystem_sandbox.dylib
0x00007fff66236000 	/usr/lib/system/libsystem_secinit.dylib
0x00007fff66167000 	/usr/lib/system/libsystem_kernel.dylib
0x00007fff6621c000 	/usr/lib/system/libsystem_platform.dylib
0x00007fff66226000 	/usr/lib/system/libsystem_pthread.dylib
0x00007fff66239000 	/usr/lib/system/libsystem_symptoms.dylib
0x00007fff66241000 	/usr/lib/system/libsystem_trace.dylib
0x00007fff66259000 	/usr/lib/system/libunwind.dylib
0x00007fff6625f000 	/usr/lib/system/libxpc.dylib
0x00007fff64ca7000 	/usr/lib/libobjc.A.dylib
0x00007fff6318c000 	/usr/lib/libc++abi.dylib
0x00007fff63138000 	/usr/lib/libc++.1.dylib
0x00007fff2e8ff000 	/System/Library/Frameworks/CoreFoundation.framework/Versions/A/CoreFoundation
0x00007fff30fc4000 	/System/Library/Frameworks/Foundation.framework/Versions/C/Foundation
0x00007fff2bb07000 	/System/Library/Frameworks/AppKit.framework/Versions/C/AppKit
0x00007fff2e40b000 	/System/Library/Frameworks/CoreData.framework/Versions/A/CoreData
0x00007fff5f6fa000 	/System/Library/PrivateFrameworks/UIFoundation.framework/Versions/A/UIFoundation
0x00007fff59ed6000 	/System/Library/PrivateFrameworks/RemoteViewServices.framework/Versions/A/RemoteViewServices
0x00007fff6218d000 	/System/Library/PrivateFrameworks/XCTTargetBootstrap.framework/Versions/A/XCTTargetBootstrap
0x00007fff2e7ee000 	/System/Library/Frameworks/CoreDisplay.framework/Versions/A/CoreDisplay
0x00007fff33d3c000 	/System/Library/Frameworks/Metal.framework/Versions/A/Metal
0x00007fff482dc000 	/System/Library/PrivateFrameworks/DesktopServicesPriv.framework/Versions/A/DesktopServicesPriv
0x00007fff63f88000 	/usr/lib/liblangid.dylib
0x00007fff47428000 	/System/Library/PrivateFrameworks/CoreSVG.framework/Versions/A/CoreSVG
0x00007fff5cc9d000 	/System/Library/PrivateFrameworks/SkyLight.framework/Versions/A/SkyLight
0x00007fff2ed81000 	/System/Library/Frameworks/CoreGraphics.framework/Versions/A/CoreGraphics
0x00007fff2a6a6000 	/System/Library/Frameworks/Accelerate.framework/Versions/A/Accelerate
0x00007fff65274000 	/usr/lib/libxml2.2.dylib
0x00007fff53000000 	/System/Library/PrivateFrameworks/IconServices.framework/Versions/A/IconServices
0x00007fff317a9000 	/System/Library/Frameworks/IOSurface.framework/Versions/A/IOSurface
0x00007fff6298a000 	/usr/lib/libDiagnosticMessagesClient.dylib
0x00007fff48155000 	/System/Library/PrivateFrameworks/DFRFoundation.framework/Versions/A/DFRFoundation
0x00007fff63d16000 	/usr/lib/libicucore.A.dylib
0x00007fff2cc44000 	/System/Library/Frameworks/AudioToolbox.framework/Versions/A/AudioToolbox
0x00007fff2cd26000 	/System/Library/Frameworks/AudioUnit.framework/Versions/A/AudioUnit
0x00007fff63053000 	/usr/lib/libauto.dylib
0x00007fff481d6000 	/System/Library/PrivateFrameworks/DataDetectorsCore.framework/Versions/A/DataDetectorsCore
0x00007fff2d4a8000 	/System/Library/Frameworks/Carbon.framework/Versions/A/Frameworks/HIToolbox.framework/Versions/A/HIToolbox
0x00007fff3a187000 	/System/Library/Frameworks/QuartzCore.framework/Versions/A/QuartzCore
0x00007fff2d7e7000 	/System/Library/Frameworks/Carbon.framework/Versions/A/Frameworks/SpeechRecognition.framework/Versions/A/SpeechRecognition
0x00007fff47adb000 	/System/Library/PrivateFrameworks/CoreUI.framework/Versions/A/CoreUI
0x00007fff2de71000 	/System/Library/Frameworks/CoreAudio.framework/Versions/A/CoreAudio
0x00007fff30c8c000 	/System/Library/Frameworks/DiskArbitration.framework/Versions/A/DiskArbitration
0x00007fff55015000 	/System/Library/PrivateFrameworks/MultitouchSupport.framework/Versions/A/MultitouchSupport
0x00007fff63bdc000 	/usr/lib/libenergytrace.dylib
0x00007fff31704000 	/System/Library/Frameworks/IOKit.framework/Versions/A/IOKit
0x00007fff2fcef000 	/System/Library/Frameworks/CoreServices.framework/Versions/A/CoreServices
0x00007fff57122000 	/System/Library/PrivateFrameworks/PerformanceAnalysis.framework/Versions/A/PerformanceAnalysis
0x00007fff391bd000 	/System/Library/Frameworks/OpenGL.framework/Versions/A/OpenGL
0x00007fff2d996000 	/System/Library/Frameworks/ColorSync.framework/Versions/A/ColorSync
0x00007fff2f408000 	/System/Library/Frameworks/CoreImage.framework/Versions/A/CoreImage
0x00007fff30765000 	/System/Library/Frameworks/CoreText.framework/Versions/A/CoreText
0x00007fff3182f000 	/System/Library/Frameworks/ImageIO.framework/Versions/A/ImageIO
0x00007fff631b4000 	/usr/lib/libcompression.dylib
0x00007fff62ccc000 	/usr/lib/libMobileGestalt.dylib
0x00007fff5e7dc000 	/System/Library/PrivateFrameworks/TextureIO.framework/Versions/A/TextureIO
0x00007fff62fb9000 	/usr/lib/libate.dylib
0x00007fff53209000 	/System/Library/PrivateFrameworks/InternationalSupport.framework/Versions/A/InternationalSupport
0x00007fff63f8a000 	/usr/lib/liblzma.5.dylib
0x00007fff63c04000 	/usr/lib/libfakelink.dylib
0x00007fff62f46000 	/usr/lib/libarchive.2.dylib
0x00007fff3c0f8000 	/System/Library/Frameworks/SystemConfiguration.framework/Versions/A/SystemConfiguration
0x00007fff628bb000 	/usr/lib/libCRFSuite.dylib
0x00007fff2d09c000 	/System/Library/Frameworks/CFNetwork.framework/Versions/A/CFNetwork
0x00007fff6311a000 	/usr/lib/libbsm.0.dylib
0x00007fff66044000 	/usr/lib/system/libkxld.dylib
0x00007fff41c0c000 	/System/Library/PrivateFrameworks/AppleFSCompression.framework/Versions/A/AppleFSCompression
0x00007fff6349b000 	/usr/lib/libcoretls.dylib
0x00007fff634b2000 	/usr/lib/libcoretls_cfhelpers.dylib
0x00007fff64ceb000 	/usr/lib/libpam.2.dylib
0x00007fff64e1e000 	/usr/lib/libsqlite3.dylib
0x00007fff65261000 	/usr/lib/libxar.1.dylib
0x00007fff6312b000 	/usr/lib/libbz2.1.0.dylib
0x00007fff63c25000 	/usr/lib/libiconv.2.dylib
0x00007fff631a1000 	/usr/lib/libcharset.1.dylib
0x00007fff64792000 	/usr/lib/libnetwork.dylib
0x00007fff64cf2000 	/usr/lib/libpcap.A.dylib
0x00007fff62efb000 	/usr/lib/libapple_nghttp2.dylib
0x00007fff300a6000 	/System/Library/Frameworks/CoreServices.framework/Versions/A/Frameworks/FSEvents.framework/Versions/A/FSEvents
0x00007fff2fd76000 	/System/Library/Frameworks/CoreServices.framework/Versions/A/Frameworks/CarbonCore.framework/Versions/A/CarbonCore
0x00007fff302e9000 	/System/Library/Frameworks/CoreServices.framework/Versions/A/Frameworks/Metadata.framework/Versions/A/Metadata
0x00007fff30382000 	/System/Library/Frameworks/CoreServices.framework/Versions/A/Frameworks/OSServices.framework/Versions/A/OSServices
0x00007fff303b0000 	/System/Library/Frameworks/CoreServices.framework/Versions/A/Frameworks/SearchKit.framework/Versions/A/SearchKit
0x00007fff2fcf0000 	/System/Library/Frameworks/CoreServices.framework/Versions/A/Frameworks/AE.framework/Versions/A/AE
0x00007fff300af000 	/System/Library/Frameworks/CoreServices.framework/Versions/A/Frameworks/LaunchServices.framework/Versions/A/LaunchServices
0x00007fff30058000 	/System/Library/Frameworks/CoreServices.framework/Versions/A/Frameworks/DictionaryServices.framework/Versions/A/DictionaryServices
0x00007fff30418000 	/System/Library/Frameworks/CoreServices.framework/Versions/A/Frameworks/SharedFileList.framework/Versions/A/SharedFileList
0x00007fff35011000 	/System/Library/Frameworks/NetFS.framework/Versions/A/NetFS
0x00007fff55545000 	/System/Library/PrivateFrameworks/NetAuth.framework/Versions/A/NetAuth
0x00007fff62558000 	/System/Library/PrivateFrameworks/login.framework/Versions/A/Frameworks/loginsupport.framework/Versions/A/loginsupport
0x00007fff5e2d7000 	/System/Library/PrivateFrameworks/TCC.framework/Versions/A/TCC
0x00007fff467f7000 	/System/Library/PrivateFrameworks/CoreNLP.framework/Versions/A/CoreNLP
0x00007fff54a45000 	/System/Library/PrivateFrameworks/MetadataUtilities.framework/Versions/A/MetadataUtilities
0x00007fff64062000 	/usr/lib/libmecabra.dylib
0x00007fff63fba000 	/usr/lib/libmecab.dylib
0x00007fff63c15000 	/usr/lib/libgermantok.dylib
0x00007fff62ee2000 	/usr/lib/libThaiTokenizer.dylib
0x00007fff628f3000 	/usr/lib/libChineseTokenizer.dylib
0x00007fff2a6be000 	/System/Library/Frameworks/Accelerate.framework/Versions/A/Frameworks/vImage.framework/Versions/A/vImage
0x00007fff2b961000 	/System/Library/Frameworks/Accelerate.framework/Versions/A/Frameworks/vecLib.framework/Versions/A/vecLib
0x00007fff2b8a5000 	/System/Library/Frameworks/Accelerate.framework/Versions/A/Frameworks/vecLib.framework/Versions/A/libvMisc.dylib
0x00007fff2b6cb000 	/System/Library/Frameworks/Accelerate.framework/Versions/A/Frameworks/vecLib.framework/Versions/A/libvDSP.dylib
0x00007fff2ad2a000 	/System/Library/Frameworks/Accelerate.framework/Versions/A/Frameworks/vecLib.framework/Versions/A/libBLAS.dylib
0x00007fff2b285000 	/System/Library/Frameworks/Accelerate.framework/Versions/A/Frameworks/vecLib.framework/Versions/A/libLAPACK.dylib
0x00007fff2b62b000 	/System/Library/Frameworks/Accelerate.framework/Versions/A/Frameworks/vecLib.framework/Versions/A/libLinearAlgebra.dylib
0x00007fff2b6b8000 	/System/Library/Frameworks/Accelerate.framework/Versions/A/Frameworks/vecLib.framework/Versions/A/libSparseBLAS.dylib
0x00007fff2b641000 	/System/Library/Frameworks/Accelerate.framework/Versions/A/Frameworks/vecLib.framework/Versions/A/libQuadrature.dylib
0x00007fff2af94000 	/System/Library/Frameworks/Accelerate.framework/Versions/A/Frameworks/vecLib.framework/Versions/A/libBNNS.dylib
0x00007fff2b647000 	/System/Library/Frameworks/Accelerate.framework/Versions/A/Frameworks/vecLib.framework/Versions/A/libSparse.dylib
0x00007fff535c8000 	/System/Library/PrivateFrameworks/LanguageModeling.framework/Versions/A/LanguageModeling
0x00007fff46193000 	/System/Library/PrivateFrameworks/CoreEmoji.framework/Versions/A/CoreEmoji
0x00007fff536e6000 	/System/Library/PrivateFrameworks/LinguisticData.framework/Versions/A/LinguisticData
0x00007fff53697000 	/System/Library/PrivateFrameworks/Lexicon.framework/Versions/A/Lexicon
0x00007fff631a2000 	/usr/lib/libcmph.dylib
0x00007fff37be3000 	/System/Library/Frameworks/OpenDirectory.framework/Versions/A/Frameworks/CFOpenDirectory.framework/Versions/A/CFOpenDirectory
0x00007fff37c00000 	/System/Library/Frameworks/OpenDirectory.framework/Versions/A/OpenDirectory
0x00007fff3fecd000 	/System/Library/PrivateFrameworks/APFS.framework/Versions/A/APFS
0x00007fff3b2a9000 	/System/Library/Frameworks/SecurityFoundation.framework/Versions/A/SecurityFoundation
0x00007fff6525d000 	/usr/lib/libutil.dylib
0x00007fff47480000 	/System/Library/PrivateFrameworks/CoreServicesStore.framework/Versions/A/CoreServicesStore
0x00007fff3b361000 	/System/Library/Frameworks/ServiceManagement.framework/Versions/A/ServiceManagement
0x00007fff433c3000 	/System/Library/PrivateFrameworks/BackgroundTaskManagement.framework/Versions/A/BackgroundTaskManagement
0x00007fff6535a000 	/usr/lib/libxslt.1.dylib
0x00007fff42271000 	/System/Library/PrivateFrameworks/AppleSystemInfo.framework/Versions/A/AppleSystemInfo
0x00007fff31a4c000 	/System/Library/Frameworks/ImageIO.framework/Versions/A/Resources/libJPEG.dylib
0x00007fff31d0b000 	/System/Library/Frameworks/ImageIO.framework/Versions/A/Resources/libTIFF.dylib
0x00007fff31cee000 	/System/Library/Frameworks/ImageIO.framework/Versions/A/Resources/libPng.dylib
0x00007fff3198d000 	/System/Library/Frameworks/ImageIO.framework/Versions/A/Resources/libGIF.dylib
0x00007fff31991000 	/System/Library/Frameworks/ImageIO.framework/Versions/A/Resources/libJP2.dylib
0x00007fff31d09000 	/System/Library/Frameworks/ImageIO.framework/Versions/A/Resources/libRadiance.dylib
0x00007fff63bdd000 	/usr/lib/libexpat.1.dylib
0x00007fff41d67000 	/System/Library/PrivateFrameworks/AppleJPEG.framework/Versions/A/AppleJPEG
0x00007fff4a6fa000 	/System/Library/PrivateFrameworks/FontServices.framework/libFontParser.dylib
0x00007fff615af000 	/System/Library/PrivateFrameworks/WatchdogClient.framework/Versions/A/WatchdogClient
0x00007fff52c55000 	/System/Library/PrivateFrameworks/IOAccelerator.framework/Versions/A/IOAccelerator
0x00007fff340ca000 	/System/Library/Frameworks/MetalPerformanceShaders.framework/Versions/A/MetalPerformanceShaders
0x00007fff4f448000 	/System/Library/PrivateFrameworks/GPUWrangler.framework/Versions/A/GPUWrangler
0x00007fff52c60000 	/System/Library/PrivateFrameworks/IOPresentment.framework/Versions/A/IOPresentment
0x00007fff48168000 	/System/Library/PrivateFrameworks/DSExternalDisplay.framework/Versions/A/DSExternalDisplay
0x00007fff38569000 	/System/Library/Frameworks/OpenGL.framework/Versions/A/Libraries/libCoreFSCache.dylib
0x00007fff33e1c000 	/System/Library/Frameworks/MetalPerformanceShaders.framework/Frameworks/MPSCore.framework/Versions/A/MPSCore
0x00007fff33e59000 	/System/Library/Frameworks/MetalPerformanceShaders.framework/Frameworks/MPSImage.framework/Versions/A/MPSImage
0x00007fff33f1b000 	/System/Library/Frameworks/MetalPerformanceShaders.framework/Frameworks/MPSNeuralNetwork.framework/Versions/A/MPSNeuralNetwork
0x00007fff33ee0000 	/System/Library/Frameworks/MetalPerformanceShaders.framework/Frameworks/MPSMatrix.framework/Versions/A/MPSMatrix
0x00007fff3407b000 	/System/Library/Frameworks/MetalPerformanceShaders.framework/Frameworks/MPSRayIntersector.framework/Versions/A/MPSRayIntersector
0x00007fff33f05000 	/System/Library/Frameworks/MetalPerformanceShaders.framework/Frameworks/MPSNDArray.framework/Versions/A/MPSNDArray
0x00007fff54a92000 	/System/Library/PrivateFrameworks/MetalTools.framework/Versions/A/MetalTools
0x00007fff41092000 	/System/Library/PrivateFrameworks/AggregateDictionary.framework/Versions/A/AggregateDictionary
0x00007fff45c1d000 	/System/Library/PrivateFrameworks/CoreAnalytics.framework/Versions/A/CoreAnalytics
0x00007fff4218f000 	/System/Library/PrivateFrameworks/AppleSauce.framework/Versions/A/AppleSauce
0x00007fff62baf000 	/usr/lib/libIOReport.dylib
0x00007fff3091a000 	/System/Library/Frameworks/CoreVideo.framework/Versions/A/CoreVideo
0x00007fff508b6000 	/System/Library/PrivateFrameworks/GraphVisualizer.framework/Versions/A/GraphVisualizer
0x00007fff49c7b000 	/System/Library/PrivateFrameworks/FaceCore.framework/Versions/A/FaceCore
0x00007fff37b8a000 	/System/Library/Frameworks/OpenCL.framework/Versions/A/OpenCL
0x00007fff629d1000 	/usr/lib/libFosl_dynamic.dylib
0x00007fff55f40000 	/System/Library/PrivateFrameworks/OTSVG.framework/Versions/A/OTSVG
0x00007fff2ca17000 	/System/Library/Frameworks/ApplicationServices.framework/Versions/A/Frameworks/ATS.framework/Versions/A/Resources/libFontRegistry.dylib
0x00007fff4a8cb000 	/System/Library/PrivateFrameworks/FontServices.framework/libhvf.dylib
0x00007fff38574000 	/System/Library/Frameworks/OpenGL.framework/Versions/A/Libraries/libGFXShared.dylib
0x00007fff38751000 	/System/Library/Frameworks/OpenGL.framework/Versions/A/Libraries/libGLU.dylib
0x00007fff3857d000 	/System/Library/Frameworks/OpenGL.framework/Versions/A/Libraries/libGL.dylib
0x00007fff38588000 	/System/Library/Frameworks/OpenGL.framework/Versions/A/Libraries/libGLImage.dylib
0x00007fff38566000 	/System/Library/Frameworks/OpenGL.framework/Versions/A/Libraries/libCVMSPluginSupport.dylib
0x00007fff3856f000 	/System/Library/Frameworks/OpenGL.framework/Versions/A/Libraries/libCoreVMClient.dylib
0x00007fff64634000 	/usr/lib/libncurses.5.4.dylib
0x00007fff2c913000 	/System/Library/Frameworks/ApplicationServices.framework/Versions/A/Frameworks/ATS.framework/Versions/A/ATS
0x00007fff2cae0000 	/System/Library/Frameworks/ApplicationServices.framework/Versions/A/Frameworks/ColorSyncLegacy.framework/Versions/A/ColorSyncLegacy
0x00007fff2cb7f000 	/System/Library/Frameworks/ApplicationServices.framework/Versions/A/Frameworks/HIServices.framework/Versions/A/HIServices
0x00007fff2cbd6000 	/System/Library/Frameworks/ApplicationServices.framework/Versions/A/Frameworks/LangAnalysis.framework/Versions/A/LangAnalysis
0x00007fff2cbe5000 	/System/Library/Frameworks/ApplicationServices.framework/Versions/A/Frameworks/PrintCore.framework/Versions/A/PrintCore
0x00007fff2cc2b000 	/System/Library/Frameworks/ApplicationServices.framework/Versions/A/Frameworks/QD.framework/Versions/A/QD
0x00007fff2cc36000 	/System/Library/Frameworks/ApplicationServices.framework/Versions/A/Frameworks/SpeechSynthesis.framework/Versions/A/SpeechSynthesis
0x00007fff2cab0000 	/System/Library/Frameworks/ApplicationServices.framework/Versions/A/Frameworks/ATSUI.framework/Versions/A/ATSUI
0x00007fff63a71000 	/usr/lib/libcups.2.dylib
0x00007fff33179000 	/System/Library/Frameworks/Kerberos.framework/Versions/A/Kerberos
0x00007fff313f9000 	/System/Library/Frameworks/GSS.framework/Versions/A/GSS
0x00007fff64daa000 	/usr/lib/libresolv.9.dylib
0x00007fff50a57000 	/System/Library/PrivateFrameworks/Heimdal.framework/Versions/A/Heimdal
0x00007fff3318c000 	/System/Library/Frameworks/Kerberos.framework/Versions/A/Libraries/libHeimdalProxy.dylib
0x00007fff63c1b000 	/usr/lib/libheimdal-asn1.dylib
0x00007fff450c3000 	/System/Library/PrivateFrameworks/CommonAuth.framework/Versions/A/CommonAuth
0x00007fff4230e000 	/System/Library/PrivateFrameworks/AssertionServices.framework/Versions/A/AssertionServices
0x00007fff42eb1000 	/System/Library/PrivateFrameworks/AudioToolboxCore.framework/Versions/A/AudioToolboxCore
0x00007fff62209000 	/System/Library/PrivateFrameworks/caulk.framework/Versions/A/caulk
0x00007fff4346f000 	/System/Library/PrivateFrameworks/BaseBoard.framework/Versions/A/BaseBoard
0x00007fff5a065000 	/System/Library/PrivateFrameworks/RunningBoardServices.framework/Versions/A/RunningBoardServices
0x00007fff5712e000 	/System/Library/PrivateFrameworks/PersistentConnection.framework/Versions/A/PersistentConnection
0x00007fff59ab4000 	/System/Library/PrivateFrameworks/ProtocolBuffer.framework/Versions/A/ProtocolBuffer
0x00007fff450e8000 	/System/Library/PrivateFrameworks/CommonUtilities.framework/Versions/A/CommonUtilities
0x00007fff435f2000 	/System/Library/PrivateFrameworks/Bom.framework/Versions/A/Bom
0x00007fff6287e000 	/usr/lib/libAudioToolboxUtility.dylib
0x00007fff433cd000 	/System/Library/PrivateFrameworks/Backup.framework/Versions/A/Backup
0x00007fff47ed8000 	/System/Library/PrivateFrameworks/CrashReporterSupport.framework/Versions/A/CrashReporterSupport
0x00007fff5bb61000 	/System/Library/PrivateFrameworks/Sharing.framework/Versions/A/Sharing
0x00007fff41ab2000 	/System/Library/PrivateFrameworks/Apple80211.framework/Versions/A/Apple80211
0x00007fff430ef000 	/System/Library/PrivateFrameworks/AuthKit.framework/Versions/A/AuthKit
0x00007fff47c08000 	/System/Library/PrivateFrameworks/CoreUtils.framework/Versions/A/CoreUtils
0x00007fff3095f000 	/System/Library/Frameworks/CoreWLAN.framework/Versions/A/CoreWLAN
0x00007fff31585000 	/System/Library/Frameworks/IOBluetooth.framework/Versions/A/IOBluetooth
0x00007fff54d90000 	/System/Library/PrivateFrameworks/MobileKeyBag.framework/Versions/A/MobileKeyBag
0x00007fff46cd3000 	/System/Library/PrivateFrameworks/CorePhoneNumbers.framework/Versions/A/CorePhoneNumbers
0x00007fff41d1a000 	/System/Library/PrivateFrameworks/AppleIDAuthSupport.framework/Versions/A/AppleIDAuthSupport
0x00007fff3501e000 	/System/Library/Frameworks/Network.framework/Versions/A/Network
0x00007fff53450000 	/System/Library/PrivateFrameworks/KeychainCircle.framework/Versions/A/KeychainCircle
0x00007fff2e3d3000 	/System/Library/Frameworks/CoreBluetooth.framework/Versions/A/CoreBluetooth
0x00007fff5d7dd000 	/System/Library/PrivateFrameworks/SpeechRecognitionCore.framework/Versions/A/SpeechRecognitionCore
0x000000010fc00000 	/Users/guvenaltunsoy/Library/Java/JavaVirtualMachines/openjdk-14.0.1/Contents/Home/lib/server/libjvm.dylib
0x000000010f284000 	/Users/guvenaltunsoy/Library/Java/JavaVirtualMachines/openjdk-14.0.1/Contents/Home/lib/libjimage.dylib
0x000000010f291000 	/Users/guvenaltunsoy/Library/Java/JavaVirtualMachines/openjdk-14.0.1/Contents/Home/lib/libjdwp.dylib
0x000000010f2cc000 	/Users/guvenaltunsoy/Library/Java/JavaVirtualMachines/openjdk-14.0.1/Contents/Home/lib/libjava.dylib
0x000000010f2f3000 	/Users/guvenaltunsoy/Library/Java/JavaVirtualMachines/openjdk-14.0.1/Contents/Home/lib/libinstrument.dylib
0x000000010f37c000 	/Users/guvenaltunsoy/Library/Java/JavaVirtualMachines/openjdk-14.0.1/Contents/Home/lib/libzip.dylib
0x00000001168b5000 	/Users/guvenaltunsoy/Library/Java/JavaVirtualMachines/openjdk-14.0.1/Contents/Home/lib/libnio.dylib
0x00000001168c8000 	/Users/guvenaltunsoy/Library/Java/JavaVirtualMachines/openjdk-14.0.1/Contents/Home/lib/libnet.dylib
0x0000000116c6c000 	/Users/guvenaltunsoy/Library/Java/JavaVirtualMachines/openjdk-14.0.1/Contents/Home/lib/libdt_socket.dylib
0x00000001169d5000 	/Users/guvenaltunsoy/Downloads/javafx-sdk-11.0.2/lib/libprism_es2.dylib
0x00007fff4744c000 	/System/Library/PrivateFrameworks/CoreServicesInternal.framework/Versions/A/CoreServicesInternal
0x00007fff391cd000 	/System/Library/Frameworks/OpenGL.framework/Versions/A/Resources/GLEngine.bundle/GLEngine
0x00007fff385be000 	/System/Library/Frameworks/OpenGL.framework/Versions/A/Libraries/libGLProgrammability.dylib
0x00007fff2679f000 	/System/Library/Extensions/AppleIntelKBLGraphicsGLDriver.bundle/Contents/MacOS/AppleIntelKBLGraphicsGLDriver
0x00007fff4f43c000 	/System/Library/PrivateFrameworks/GPUSupport.framework/Versions/A/Libraries/libGPUSupportMercury.dylib
0x00007fff39347000 	/System/Library/Frameworks/OpenGL.framework/Versions/A/Resources/GLRendererFloat.bundle/GLRendererFloat
0x00007fff37b81000 	/System/Library/Frameworks/OpenCL.framework/Versions/A/Libraries/libcldcpuengine.dylib
0x00007fff63656000 	/usr/lib/libcrypto.35.dylib
0x00007fff5ea20000 	/System/Library/PrivateFrameworks/TrustEvaluationAgent.framework/Versions/A/TrustEvaluationAgent
0x0000000116d36000 	/Users/guvenaltunsoy/Downloads/javafx-sdk-11.0.2/lib/libglass.dylib
0x0000000116c47000 	/Users/guvenaltunsoy/Library/Java/JavaVirtualMachines/openjdk-14.0.1/Contents/Home/lib/libverify.dylib
0x00007fff30e86000 	/System/Library/Frameworks/FileProvider.framework/Versions/A/FileProvider
0x00007fff2b962000 	/System/Library/Frameworks/Accounts.framework/Versions/A/Accounts
0x00007fff4f76c000 	/System/Library/PrivateFrameworks/GenerationalStorage.framework/Versions/A/GenerationalStorage
0x00007fff479bc000 	/System/Library/PrivateFrameworks/CoreSymbolication.framework/Versions/A/CoreSymbolication
0x00007fff5e018000 	/System/Library/PrivateFrameworks/SymptomDiagnosticReporter.framework/Versions/A/SymptomDiagnosticReporter
0x00007fff415a3000 	/System/Library/PrivateFrameworks/AppContainer.framework/Versions/A/AppContainer
0x00007fff64dc4000 	/usr/lib/libsandbox.1.dylib
0x00007fff60548000 	/System/Library/PrivateFrameworks/UserManagement.framework/Versions/A/UserManagement
0x00007fff441b4000 	/System/Library/PrivateFrameworks/ChunkingLibrary.framework/Versions/A/ChunkingLibrary
0x00007fff4829d000 	/System/Library/PrivateFrameworks/DebugSymbols.framework/Versions/A/DebugSymbols
0x00007fff41615000 	/System/Library/PrivateFrameworks/AppSandbox.framework/Versions/A/AppSandbox
0x00007fff5b9eb000 	/System/Library/PrivateFrameworks/SecCodeWrapper.framework/Versions/A/SecCodeWrapper
0x00007fff62c95000 	/usr/lib/libMatch.1.dylib
0x00007fff22f7f000 	/System/Library/CoreServices/RawCamera.bundle/Contents/MacOS/RawCamera
0x00007fff54bba000 	/System/Library/PrivateFrameworks/MobileAsset.framework/Versions/A/MobileAsset
0x00007fff5dec6000 	/System/Library/PrivateFrameworks/StreamingZip.framework/Versions/A/StreamingZip
0x00007fff335f5000 	/System/Library/Frameworks/MediaToolbox.framework/Versions/A/MediaToolbox
0x00007fff45bcc000 	/System/Library/PrivateFrameworks/CoreAVCHD.framework/Versions/A/CoreAVCHD
0x00007fff3351f000 	/System/Library/Frameworks/MediaAccessibility.framework/Versions/A/MediaAccessibility
0x00007fff53f85000 	/System/Library/PrivateFrameworks/Mangrove.framework/Versions/A/Mangrove
0x00007fff2fb29000 	/System/Library/Frameworks/CoreMedia.framework/Versions/A/CoreMedia
0x00007fff541f1000 	/System/Library/PrivateFrameworks/MediaExperience.framework/Versions/A/MediaExperience
0x00007fff3c3de000 	/System/Library/Frameworks/VideoToolbox.framework/Versions/A/VideoToolbox
0x00007fff457f6000 	/System/Library/PrivateFrameworks/CoreAUC.framework/Versions/A/CoreAUC
0x00007fff64e1c000 	/usr/lib/libspindump.dylib
0x00007fff4285c000 	/System/Library/PrivateFrameworks/AudioResourceArbitration.framework/Versions/A/AudioResourceArbitration
0x00007fff42275000 	/System/Library/PrivateFrameworks/AppleVA.framework/Versions/A/AppleVA
0x00007fff2a6a7000 	/System/Library/Frameworks/Accelerate.framework/Versions/A/Frameworks/vImage.framework/Versions/A/Libraries/libCGInterfaces.dylib
0x0000000116e29000 	/usr/lib/libobjc-trampolines.dylib
0x00007fff6131e000 	/System/Library/PrivateFrameworks/ViewBridge.framework/Versions/A/ViewBridge
0x00007fff4a832000 	/System/Library/PrivateFrameworks/FontServices.framework/libTrueTypeScaler.dylib
0x00007fff275c8000 	/System/Library/Extensions/AppleIntelKBLGraphicsMTLDriver.bundle/Contents/MacOS/AppleIntelKBLGraphicsMTLDriver
0x00007fff4dda0000 	/System/Library/PrivateFrameworks/GPUCompiler.framework/Versions/3902/Libraries/libmetal_timestamp.dylib
0x0000000136b40000 	/Users/guvenaltunsoy/Library/Java/JavaVirtualMachines/openjdk-14.0.1/Contents/Home/lib/libawt.dylib
0x0000000136bdc000 	/Users/guvenaltunsoy/Library/Java/JavaVirtualMachines/openjdk-14.0.1/Contents/Home/lib/libmlib_image.dylib
0x00007fff33162000 	/System/Library/Frameworks/JavaVM.framework/Versions/A/Frameworks/JavaNativeFoundation.framework/Versions/A/JavaNativeFoundation
0x00007fff3316b000 	/System/Library/Frameworks/JavaVM.framework/Versions/A/Frameworks/JavaRuntimeSupport.framework/Versions/A/JavaRuntimeSupport
0x00007fff33174000 	/System/Library/Frameworks/JavaVM.framework/Versions/A/JavaVM
0x00007fff532b3000 	/System/Library/PrivateFrameworks/JavaLaunching.framework/Versions/A/JavaLaunching
0x00007fff2d4a3000 	/System/Library/Frameworks/Carbon.framework/Versions/A/Carbon
0x00007fff2d4a4000 	/System/Library/Frameworks/Carbon.framework/Versions/A/Frameworks/CommonPanels.framework/Versions/A/CommonPanels
0x00007fff2d79d000 	/System/Library/Frameworks/Carbon.framework/Versions/A/Frameworks/Help.framework/Versions/A/Help
0x00007fff2d7a1000 	/System/Library/Frameworks/Carbon.framework/Versions/A/Frameworks/ImageCapture.framework/Versions/A/ImageCapture
0x00007fff2d7a8000 	/System/Library/Frameworks/Carbon.framework/Versions/A/Frameworks/OpenScripting.framework/Versions/A/OpenScripting
0x00007fff2d7a7000 	/System/Library/Frameworks/Carbon.framework/Versions/A/Frameworks/Ink.framework/Versions/A/Ink
0x00007fff2d7e3000 	/System/Library/Frameworks/Carbon.framework/Versions/A/Frameworks/Print.framework/Versions/A/Print
0x00007fff2d7e4000 	/System/Library/Frameworks/Carbon.framework/Versions/A/Frameworks/SecurityHI.framework/Versions/A/SecurityHI
0x0000000136c48000 	/Users/guvenaltunsoy/Library/Java/JavaVirtualMachines/openjdk-14.0.1/Contents/Home/lib/libawt_lwawt.dylib
0x0000000116f4e000 	/Users/guvenaltunsoy/Library/Java/JavaVirtualMachines/openjdk-14.0.1/Contents/Home/lib/libosxapp.dylib
0x00007fff30e67000 	/System/Library/Frameworks/ExceptionHandling.framework/Versions/A/ExceptionHandling
0x0000000136cfa000 	/Users/guvenaltunsoy/Library/Java/JavaVirtualMachines/openjdk-14.0.1/Contents/Home/lib/libfontmanager.dylib
0x0000000136e00000 	/Users/guvenaltunsoy/Library/Java/JavaVirtualMachines/openjdk-14.0.1/Contents/Home/lib/libfreetype.dylib
0x0000000117435000 	/Users/guvenaltunsoy/Library/Java/JavaVirtualMachines/openjdk-14.0.1/Contents/Home/lib/libosxui.dylib
0x00007fff6255b000 	/System/Library/PrivateFrameworks/login.framework/Versions/A/login
0x0000000116f88000 	/Users/guvenaltunsoy/Downloads/javafx-sdk-11.0.2/lib/libjavafx_font.dylib
0x00007fff5e093000 	/System/Library/PrivateFrameworks/SystemAdministration.framework/Versions/A/SystemAdministration
0x00007fff48645000 	/System/Library/PrivateFrameworks/DiskManagement.framework/Versions/A/DiskManagement
0x00007fff30bb0000 	/System/Library/Frameworks/DirectoryService.framework/Versions/A/DirectoryService
0x00007fff4857c000 	/System/Library/PrivateFrameworks/DiskImages.framework/Versions/A/DiskImages
0x00007fff5378e000 	/System/Library/PrivateFrameworks/LoginUIKit.framework/Versions/A/Frameworks/LoginUICore.framework/Versions/A/LoginUICore
0x00007fff628fe000 	/usr/lib/libCoreStorage.dylib
0x00007fff63a5e000 	/usr/lib/libcsfde.dylib
0x00007fff64cd9000 	/usr/lib/libodfde.dylib
0x00007fff5427c000 	/System/Library/PrivateFrameworks/MediaKit.framework/Versions/A/MediaKit
0x00007fff30bbc000 	/System/Library/Frameworks/DiscRecording.framework/Versions/A/DiscRecording
0x00007fff487f4000 	/System/Library/PrivateFrameworks/EFILogin.framework/Versions/A/EFILogin
0x00007fff59a59000 	/System/Library/PrivateFrameworks/ProtectedCloudStorage.framework/Versions/A/ProtectedCloudStorage
0x00007fff63ad2000 	/usr/lib/libcurl.4.dylib
0x00007fff63957000 	/usr/lib/libcrypto.44.dylib
0x00007fff650ff000 	/usr/lib/libssl.46.dylib
0x00007fff3318d000 	/System/Library/Frameworks/LDAP.framework/Versions/A/LDAP
0x00007fff64e09000 	/usr/lib/libsasl2.2.dylib
0x00007fff45f07000 	/System/Library/PrivateFrameworks/CoreDaemon.framework/Versions/B/CoreDaemon
0x00007fff4218a000 	/System/Library/PrivateFrameworks/AppleSRP.framework/Versions/A/AppleSRP


VM Arguments:
jvm_args: -agentlib:jdwp=transport=dt_socket,address=127.0.0.1:57796,suspend=y,server=n --module-path=/Users/guvenaltunsoy/Downloads/javafx-sdk-11.0.2/lib --add-modules=javafx.controls,javafx.fxml --add-modules=javafx.base,javafx.graphics --add-reads=javafx.base=ALL-UNNAMED --add-reads=javafx.graphics=ALL-UNNAMED -Djava.library.path=/Users/guvenaltunsoy/javafx-sdk-11.0.2/lib -javaagent:/Users/guvenaltunsoy/Library/Caches/JetBrains/IntelliJIdea2020.1/captureAgent/debugger-agent.jar -Dfile.encoding=UTF-8 
java_command: FXMaven
java_class_path (initial): /Users/guvenaltunsoy/Desktop/MavenFX/target/classes:/Users/guvenaltunsoy/javafx-sdk-11.0.2/lib/src.zip:/Users/guvenaltunsoy/javafx-sdk-11.0.2/lib/javafx-swt.jar:/Users/guvenaltunsoy/javafx-sdk-11.0.2/lib/javafx.web.jar:/Users/guvenaltunsoy/javafx-sdk-11.0.2/lib/javafx.base.jar:/Users/guvenaltunsoy/javafx-sdk-11.0.2/lib/javafx.fxml.jar:/Users/guvenaltunsoy/javafx-sdk-11.0.2/lib/javafx.media.jar:/Users/guvenaltunsoy/javafx-sdk-11.0.2/lib/javafx.swing.jar:/Users/guvenaltunsoy/javafx-sdk-11.0.2/lib/javafx.controls.jar:/Users/guvenaltunsoy/javafx-sdk-11.0.2/lib/javafx.graphics.jar:/Users/guvenaltunsoy/Downloads/gs-core-1.3/gs-core-1.3.jar:/Users/guvenaltunsoy/Downloads/gs-core-1.3/gs-core-1.3-sources.jar:/Users/guvenaltunsoy/Downloads/gs-algo-1.3/gs-algo-1.3.jar:/Users/guvenaltunsoy/Downloads/gs-ui-1.3/gs-ui-1.3.jar:/Users/guvenaltunsoy/.m2/repository/org/apache/maven/plugins/maven-compiler-plugin/3.8.1/maven-compiler-plugin-3.8.1.jar:/Users/guvenaltunsoy/.m2/repository/org/apache/maven/maven-plugin-api/3.0/maven-plugin-api-3.0.jar:/Users/guvenaltunsoy/.m2/repository/org/apache/maven/maven-model/3.0/maven-model-3.0.jar:/Users/guvenaltunsoy/.m2/repository/org/sonatype/sisu/sisu-inject-plexus/1.4.2/sisu-inject-plexus-1.4.2.jar:/Users/guvenaltunsoy/.m2/repository/org/sonatype/sisu/sisu-inject-bean/1.4.2/sisu-inject-bean-1.4.2.jar:/Users/guvenaltunsoy/.m2/repository/org/sonatype/sisu/sisu-guice/2.1.7/sisu-guice-2.1.7-noaop.jar:/Users/guvenaltunsoy/.m2/repository/org/apache/maven/maven-artifact/3.0/maven-artifact-3.0.jar:/Users/guvenaltunsoy/.m2/repository/org/codehaus/plexus/plexus-utils/2.0.4/plexus-utils-2.0.4.jar:/Users/guvenaltunsoy/.m2/repository/org/apache/maven/maven-core/3.0/maven-core-3.0.jar:/Users/guvenaltunsoy/.m2/repository/org/apache/maven/maven-settings/3.0/maven-settings-3.0.jar:/Users/guvenaltunsoy/.m2/repository/org/apache/maven/maven-settings-builder/3.0/maven-settings-builder-3.0.jar:/Users/guvenaltunsoy/.m2/repository/org/apa
Launcher Type: SUN_STANDARD

[Global flags]
     intx CICompilerCount                          = 3                                         {product} {ergonomic}
     uint ConcGCThreads                            = 1                                         {product} {ergonomic}
     uint G1ConcRefinementThreads                  = 4                                         {product} {ergonomic}
   size_t G1HeapRegionSize                         = 1048576                                   {product} {ergonomic}
    uintx GCDrainStackTargetSize                   = 64                                        {product} {ergonomic}
   size_t InitialHeapSize                          = 134217728                                 {product} {ergonomic}
   size_t MarkStackSize                            = 4194304                                   {product} {ergonomic}
   size_t MaxHeapSize                              = 2147483648                                {product} {ergonomic}
   size_t MaxNewSize                               = 1287651328                                {product} {ergonomic}
   size_t MinHeapDeltaBytes                        = 1048576                                   {product} {ergonomic}
   size_t MinHeapSize                              = 8388608                                   {product} {ergonomic}
    uintx NonNMethodCodeHeapSize                   = 5832780                                {pd product} {ergonomic}
    uintx NonProfiledCodeHeapSize                  = 122912730                              {pd product} {ergonomic}
    uintx ProfiledCodeHeapSize                     = 122912730                              {pd product} {ergonomic}
    uintx ReservedCodeCacheSize                    = 251658240                              {pd product} {ergonomic}
     bool SegmentedCodeCache                       = true                                      {product} {ergonomic}
   size_t SoftMaxHeapSize                          = 2147483648                             {manageable} {ergonomic}
     bool UseCompressedClassPointers               = true                                 {lp64_product} {ergonomic}
     bool UseCompressedOops                        = true                                 {lp64_product} {ergonomic}
     bool UseG1GC                                  = true                                      {product} {ergonomic}

Logging:
Log output configuration:
 #0: stdout all=warning uptime,level,tags
 #1: stderr all=off uptime,level,tags

Environment Variables:
PATH=/usr/local/bin:/usr/bin:/bin:/usr/sbin:/sbin:/usr/local/share/dotnet:~/.dotnet/tools:/Library/Apple/usr/bin:/Library/Frameworks/Mono.framework/Versions/Current/Commands
SHELL=/bin/zsh

Signal Handlers:
SIGSEGV: [libjvm.dylib+0x741580], sa_mask[0]=11111111011111110111111111111111, sa_flags=SA_ONSTACK|SA_RESTART|SA_SIGINFO
SIGBUS: [libjvm.dylib+0x741580], sa_mask[0]=11111111011111110111111111111111, sa_flags=SA_RESTART|SA_SIGINFO
SIGFPE: [libjvm.dylib+0x741580], sa_mask[0]=11111111011111110111111111111111, sa_flags=SA_RESTART|SA_SIGINFO
SIGPIPE: [libjvm.dylib+0x5eb3a3], sa_mask[0]=11111111011111110111111111111111, sa_flags=SA_RESTART|SA_SIGINFO
SIGXFSZ: [libjvm.dylib+0x5eb3a3], sa_mask[0]=11111111011111110111111111111111, sa_flags=SA_RESTART|SA_SIGINFO
SIGILL: [libjvm.dylib+0x741580], sa_mask[0]=11111111011111110111111111111111, sa_flags=SA_RESTART|SA_SIGINFO
SIGUSR2: [libjvm.dylib+0x5eb975], sa_mask[0]=00100000000000000000000000000000, sa_flags=SA_RESTART|SA_SIGINFO
SIGHUP: [libjvm.dylib+0x5ea9d7], sa_mask[0]=11111111011111110111111111111111, sa_flags=SA_RESTART|SA_SIGINFO
SIGINT: [libjvm.dylib+0x5ea9d7], sa_mask[0]=11111111011111110111111111111111, sa_flags=SA_RESTART|SA_SIGINFO
SIGTERM: [libjvm.dylib+0x5ea9d7], sa_mask[0]=11111111011111110111111111111111, sa_flags=SA_RESTART|SA_SIGINFO
SIGQUIT: [libjvm.dylib+0x5ea9d7], sa_mask[0]=11111111011111110111111111111111, sa_flags=SA_RESTART|SA_SIGINFO


---------------  S Y S T E M  ---------------

OS:uname:Darwin 19.3.0 Darwin Kernel Version 19.3.0: Thu Jan  9 20:58:23 PST 2020; root:xnu-6153.81.5~1/RELEASE_X86_64 x86_64
OS uptime: 9 days 11:57 hours
rlimit: STACK 8192k, CORE 0k, NPROC 1392, NOFILE 10240, AS infinity, DATA infinity, FSIZE infinity
load average:3.42 3.54 3.17

CPU:total 4 (initial active 4) (2 cores per cpu, 2 threads per core) family 6 model 142 stepping 9, cmov, cx8, fxsr, mmx, sse, sse2, sse3, ssse3, sse4.1, sse4.2, popcnt, avx, avx2, aes, clmul, erms, rtm, 3dnowpref, lzcnt, ht, tsc, tscinvbit, bmi1, bmi2, adx, fma

Memory: 4k page, physical 8388608k(21972k free), swap 5242880k(909056k free)

vm_info: OpenJDK 64-Bit Server VM (14.0.1+7) for bsd-amd64 JRE (14.0.1+7), built on Mar  5 2020 10:34:43 by "mach5one" with clang 4.2.1 Compatible Apple LLVM 10.0.0 (clang-1000.11.45.5)

END.
